<?xml version="1.0" encoding="utf-8"?><testsuites><testsuite errors="0" failures="0" hostname="RahulEvo" name="pytest" skipped="0" tests="6" time="37.103" timestamp="2020-09-05T17:09:03.069454"><testcase classname="Tests.test_ShopPage.Test_Shop" file="Tests\test_ShopPage.py" line="10" name="test_verify_shop_link[Chrome]" time="30.631"></testcase><testcase classname="Tests.test_RegistrationPage.Test_registration" file="Tests\test_RegistrationPage.py" line="13" name="test_verify_title[Chrome]" time="20.765"></testcase><testcase classname="Tests.test_RegistrationPage.Test_registration" file="Tests\test_RegistrationPage.py" line="24" name="test_verify_Registration_Page[Chrome]" time="21.087"></testcase><testcase classname="Tests.test_RegistrationPage.Test_registration" file="Tests\test_RegistrationPage.py" line="17" name="test_verify_links[Chrome]" time="26.228"></testcase><testcase classname="Tests.test_ShopPage.Test_Shop" file="Tests\test_ShopPage.py" line="21" name="test_add_items_and_verify[Chrome]" time="30.604"></testcase><testcase classname="Tests.test_ShopPage.Test_Shop" file="Tests\test_ShopPage.py" line="16" name="test_verify_items[Chrome]" time="32.144"></testcase></testsuite></testsuites>